Determining if the pthread_create exist failed with the following output:
Change Dir: /home/knapsack/workspaces/boh_ws/src/go1_autonomy/amrl_msgs/build/CMakeFiles/CMakeTmp

Run Build Command:"/usr/bin/make" "cmTC_cd0be/fast"
make[1]: Entering directory '/home/knapsack/workspaces/boh_ws/src/go1_autonomy/amrl_msgs/build/CMakeFiles/CMakeTmp'
/usr/bin/make -f CMakeFiles/cmTC_cd0be.dir/build.make CMakeFiles/cmTC_cd0be.dir/build
make[2]: Entering directory '/home/knapsack/workspaces/boh_ws/src/go1_autonomy/amrl_msgs/build/CMakeFiles/CMakeTmp'
Building C object CMakeFiles/cmTC_cd0be.dir/CheckSymbolExists.c.o
/usr/bin/cc   -I/usr/local/cuda-10.0/include -I/usr/local/cuda-10.0/include    -o CMakeFiles/cmTC_cd0be.dir/CheckSymbolExists.c.o   -c /home/knapsack/workspaces/boh_ws/src/go1_autonomy/amrl_msgs/build/CMakeFiles/CMakeTmp/CheckSymbolExists.c
Linking C executable cmTC_cd0be
/usr/bin/cmake -E cmake_link_script CMakeFiles/cmTC_cd0be.dir/link.txt --verbose=1
/usr/bin/cc -I/usr/local/cuda-10.0/include -I/usr/local/cuda-10.0/include     -rdynamic CMakeFiles/cmTC_cd0be.dir/CheckSymbolExists.c.o  -o cmTC_cd0be 
CMakeFiles/cmTC_cd0be.dir/CheckSymbolExists.c.o: In function `main':
CheckSymbolExists.c:(.text+0x1b): undefined reference to `pthread_create'
collect2: error: ld returned 1 exit status
CMakeFiles/cmTC_cd0be.dir/build.make:97: recipe for target 'cmTC_cd0be' failed
make[2]: *** [cmTC_cd0be] Error 1
make[2]: Leaving directory '/home/knapsack/workspaces/boh_ws/src/go1_autonomy/amrl_msgs/build/CMakeFiles/CMakeTmp'
Makefile:126: recipe for target 'cmTC_cd0be/fast' failed
make[1]: *** [cmTC_cd0be/fast] Error 2
make[1]: Leaving directory '/home/knapsack/workspaces/boh_ws/src/go1_autonomy/amrl_msgs/build/CMakeFiles/CMakeTmp'

File /home/knapsack/workspaces/boh_ws/src/go1_autonomy/amrl_msgs/build/CMakeFiles/CMakeTmp/CheckSymbolExists.c:
/* */
#include <pthread.h>

int main(int argc, char** argv)
{
  (void)argv;
#ifndef pthread_create
  return ((int*)(&pthread_create))[argc];
#else
  (void)argc;
  return 0;
#endif
}

Determining if the function pthread_create exists in the pthreads failed with the following output:
Change Dir: /home/knapsack/workspaces/boh_ws/src/go1_autonomy/amrl_msgs/build/CMakeFiles/CMakeTmp

Run Build Command:"/usr/bin/make" "cmTC_7af09/fast"
make[1]: Entering directory '/home/knapsack/workspaces/boh_ws/src/go1_autonomy/amrl_msgs/build/CMakeFiles/CMakeTmp'
/usr/bin/make -f CMakeFiles/cmTC_7af09.dir/build.make CMakeFiles/cmTC_7af09.dir/build
make[2]: Entering directory '/home/knapsack/workspaces/boh_ws/src/go1_autonomy/amrl_msgs/build/CMakeFiles/CMakeTmp'
Building C object CMakeFiles/cmTC_7af09.dir/CheckFunctionExists.c.o
/usr/bin/cc   -I/usr/local/cuda-10.0/include -I/usr/local/cuda-10.0/include -DCHECK_FUNCTION_EXISTS=pthread_create   -o CMakeFiles/cmTC_7af09.dir/CheckFunctionExists.c.o   -c /usr/share/cmake-3.10/Modules/CheckFunctionExists.c
Linking C executable cmTC_7af09
/usr/bin/cmake -E cmake_link_script CMakeFiles/cmTC_7af09.dir/link.txt --verbose=1
/usr/bin/cc -I/usr/local/cuda-10.0/include -I/usr/local/cuda-10.0/include -DCHECK_FUNCTION_EXISTS=pthread_create    -rdynamic CMakeFiles/cmTC_7af09.dir/CheckFunctionExists.c.o  -o cmTC_7af09 -lpthreads 
/usr/bin/ld: cannot find -lpthreads
collect2: error: ld returned 1 exit status
CMakeFiles/cmTC_7af09.dir/build.make:97: recipe for target 'cmTC_7af09' failed
make[2]: *** [cmTC_7af09] Error 1
make[2]: Leaving directory '/home/knapsack/workspaces/boh_ws/src/go1_autonomy/amrl_msgs/build/CMakeFiles/CMakeTmp'
Makefile:126: recipe for target 'cmTC_7af09/fast' failed
make[1]: *** [cmTC_7af09/fast] Error 2
make[1]: Leaving directory '/home/knapsack/workspaces/boh_ws/src/go1_autonomy/amrl_msgs/build/CMakeFiles/CMakeTmp'


